<?xml version="1.0" encoding="UTF-8"?>
<testng-results skipped="0" failed="0" total="1" passed="1">
  <reporter-output>
  </reporter-output>
  <suite name="Default suite" duration-ms="83980" started-at="2016-12-01T19:06:06Z" finished-at="2016-12-01T19:07:30Z">
    <groups>
    </groups>
    <test name="Default test" duration-ms="83980" started-at="2016-12-01T19:06:06Z" finished-at="2016-12-01T19:07:30Z">
      <class name="globalTest.suite">
        <test-method status="PASS" signature="beforeClass()[pri:0, instance:globalTest.suite@5f375618]" name="beforeClass" is-config="true" duration-ms="43898" started-at="2016-12-01T14:06:06Z" finished-at="2016-12-01T14:06:50Z">
          <reporter-output>
          </reporter-output>
        </test-method> <!-- beforeClass -->
        <test-method status="PASS" signature="contactUs()[pri:4, instance:globalTest.suite@5f375618]" name="contactUs" duration-ms="39972" started-at="2016-12-01T14:06:50Z" finished-at="2016-12-01T14:07:30Z">
          <reporter-output>
          </reporter-output>
        </test-method> <!-- contactUs -->
        <test-method status="PASS" signature="afterClass()[pri:0, instance:globalTest.suite@5f375618]" name="afterClass" is-config="true" duration-ms="2" started-at="2016-12-01T14:07:30Z" finished-at="2016-12-01T14:07:30Z">
          <reporter-output>
          </reporter-output>
        </test-method> <!-- afterClass -->
      </class> <!-- globalTest.suite -->
    </test> <!-- Default test -->
  </suite> <!-- Default suite -->
</testng-results>
